# JRE version: Java(TM) SE Runtime Environment (8.0_91-b15) (build 1.8.0_91-b15)
# Java VM: Java HotSpot(TM) 64-Bit Server VM (25.91-b15 mixed mode windows-amd64 compressed oops)
Heap:
 PSYoungGen      total 219648K, used 75949K [0x00000000d5580000, 0x00000000e3c00000, 0x0000000100000000)
  eden space 204288K, 37% used [0x00000000d5580000,0x00000000d9fab5d0,0x00000000e1d00000)
  from space 15360K, 0% used [0x00000000e2d00000,0x00000000e2d00000,0x00000000e3c00000)
  to   space 15872K, 0% used [0x00000000e1d00000,0x00000000e1d00000,0x00000000e2c80000)
 ParOldGen       total 58368K, used 28516K [0x0000000080000000, 0x0000000083900000, 0x00000000d5580000)
  object space 58368K, 48% used [0x0000000080000000,0x0000000081bd9000,0x0000000083900000)
 Metaspace       used 57477K, capacity 61294K, committed 61568K, reserved 1101824K
  class space    used 7561K, capacity 8222K, committed 8320K, reserved 1048576K
GC Heap History (10 events):
Event: 3031.177 GC heap before
{Heap before GC invocations=61 (full 15):
 PSYoungGen      total 211968K, used 76387K [0x00000000d5580000, 0x00000000e3b00000, 0x0000000100000000)
  eden space 202240K, 33% used [0x00000000d5580000,0x00000000d9711578,0x00000000e1b00000)
  from space 9728K, 95% used [0x00000000e2380000,0x00000000e2c878e0,0x00000000e2d00000)
  to   space 14336K, 0% used [0x00000000e2d00000,0x00000000e2d00000,0x00000000e3b00000)
 ParOldGen       total 58368K, used 28456K [0x0000000080000000, 0x0000000083900000, 0x00000000d5580000)
  object space 58368K, 48% used [0x0000000080000000,0x0000000081bca338,0x0000000083900000)
 Metaspace       used 57368K, capacity 61038K, committed 61312K, reserved 1101824K
  class space    used 7561K, capacity 8222K, committed 8320K, reserved 1048576K
Event: 3031.181 GC heap after
Heap after GC invocations=61 (full 15):
 PSYoungGen      total 216576K, used 1021K [0x00000000d5580000, 0x00000000e3b00000, 0x0000000100000000)
  eden space 202240K, 0% used [0x00000000d5580000,0x00000000d5580000,0x00000000e1b00000)
  from space 14336K, 7% used [0x00000000e2d00000,0x00000000e2dff738,0x00000000e3b00000)
  to   space 16384K, 0% used [0x00000000e1b00000,0x00000000e1b00000,0x00000000e2b00000)
 ParOldGen       total 58368K, used 28456K [0x0000000080000000, 0x0000000083900000, 0x00000000d5580000)
  object space 58368K, 48% used [0x0000000080000000,0x0000000081bca338,0x0000000083900000)
 Metaspace       used 57368K, capacity 61038K, committed 61312K, reserved 1101824K
  class space    used 7561K, capacity 8222K, committed 8320K, reserved 1048576K
}
Event: 3031.181 GC heap before
{Heap before GC invocations=62 (full 16):
 PSYoungGen      total 216576K, used 1021K [0x00000000d5580000, 0x00000000e3b00000, 0x0000000100000000)
  eden space 202240K, 0% used [0x00000000d5580000,0x00000000d5580000,0x00000000e1b00000)
  from space 14336K, 7% used [0x00000000e2d00000,0x00000000e2dff738,0x00000000e3b00000)
  to   space 16384K, 0% used [0x00000000e1b00000,0x00000000e1b00000,0x00000000e2b00000)
 ParOldGen       total 58368K, used 28456K [0x0000000080000000, 0x0000000083900000, 0x00000000d5580000)
  object space 58368K, 48% used [0x0000000080000000,0x0000000081bca338,0x0000000083900000)
 Metaspace       used 57368K, capacity 61038K, committed 61312K, reserved 1101824K
  class space    used 7561K, capacity 8222K, committed 8320K, reserved 1048576K
Event: 3031.332 GC heap after
Heap after GC invocations=62 (full 16):
 PSYoungGen      total 216576K, used 0K [0x00000000d5580000, 0x00000000e3b00000, 0x0000000100000000)
  eden space 202240K, 0% used [0x00000000d5580000,0x00000000d5580000,0x00000000e1b00000)
  from space 14336K, 0% used [0x00000000e2d00000,0x00000000e2d00000,0x00000000e3b00000)
  to   space 16384K, 0% used [0x00000000e1b00000,0x00000000e1b00000,0x00000000e2b00000)
 ParOldGen       total 58368K, used 28530K [0x0000000080000000, 0x0000000083900000, 0x00000000d5580000)
  object space 58368K, 48% used [0x0000000080000000,0x0000000081bdc820,0x0000000083900000)
 Metaspace       used 57368K, capacity 61038K, committed 61312K, reserved 1101824K
  class space    used 7561K, capacity 8222K, committed 8320K, reserved 1048576K
}
Event: 3152.816 GC heap before
{Heap before GC invocations=63 (full 16):
 PSYoungGen      total 216576K, used 202240K [0x00000000d5580000, 0x00000000e3b00000, 0x0000000100000000)
  eden space 202240K, 100% used [0x00000000d5580000,0x00000000e1b00000,0x00000000e1b00000)
  from space 14336K, 0% used [0x00000000e2d00000,0x00000000e2d00000,0x00000000e3b00000)
  to   space 16384K, 0% used [0x00000000e1b00000,0x00000000e1b00000,0x00000000e2b00000)
 ParOldGen       total 58368K, used 28530K [0x0000000080000000, 0x0000000083900000, 0x00000000d5580000)
  object space 58368K, 48% used [0x0000000080000000,0x0000000081bdc820,0x0000000083900000)
 Metaspace       used 57436K, capacity 61230K, committed 61568K, reserved 1101824K
  class space    used 7561K, capacity 8222K, committed 8320K, reserved 1048576K
Event: 3152.830 GC heap after
Heap after GC invocations=63 (full 16):
 PSYoungGen      total 218624K, used 7992K [0x00000000d5580000, 0x00000000e3d00000, 0x0000000100000000)
  eden space 202240K, 0% used [0x00000000d5580000,0x00000000d5580000,0x00000000e1b00000)
  from space 16384K, 48% used [0x00000000e1b00000,0x00000000e22ce0c8,0x00000000e2b00000)
  to   space 16384K, 0% used [0x00000000e2d00000,0x00000000e2d00000,0x00000000e3d00000)
 ParOldGen       total 58368K, used 28538K [0x0000000080000000, 0x0000000083900000, 0x00000000d5580000)
  object space 58368K, 48% used [0x0000000080000000,0x0000000081bde820,0x0000000083900000)
 Metaspace       used 57436K, capacity 61230K, committed 61568K, reserved 1101824K
  class space    used 7561K, capacity 8222K, committed 8320K, reserved 1048576K
}
Event: 3153.339 GC heap before
{Heap before GC invocations=64 (full 16):
 PSYoungGen      total 218624K, used 50533K [0x00000000d5580000, 0x00000000e3d00000, 0x0000000100000000)
  eden space 202240K, 21% used [0x00000000d5580000,0x00000000d7f0b410,0x00000000e1b00000)
  from space 16384K, 48% used [0x00000000e1b00000,0x00000000e22ce0c8,0x00000000e2b00000)
  to   space 16384K, 0% used [0x00000000e2d00000,0x00000000e2d00000,0x00000000e3d00000)
 ParOldGen       total 58368K, used 28538K [0x0000000080000000, 0x0000000083900000, 0x00000000d5580000)
  object space 58368K, 48% used [0x0000000080000000,0x0000000081bde820,0x0000000083900000)
 Metaspace       used 57443K, capacity 61230K, committed 61568K, reserved 1101824K
  class space    used 7561K, capacity 8222K, committed 8320K, reserved 1048576K
Event: 3153.348 GC heap after
Heap after GC invocations=64 (full 16):
 PSYoungGen      total 219648K, used 717K [0x00000000d5580000, 0x00000000e3c00000, 0x0000000100000000)
  eden space 204288K, 0% used [0x00000000d5580000,0x00000000d5580000,0x00000000e1d00000)
  from space 15360K, 4% used [0x00000000e2d00000,0x00000000e2db3748,0x00000000e3c00000)
  to   space 15872K, 0% used [0x00000000e1d00000,0x00000000e1d00000,0x00000000e2c80000)
 ParOldGen       total 58368K, used 28538K [0x0000000080000000, 0x0000000083900000, 0x00000000d5580000)
  object space 58368K, 48% used [0x0000000080000000,0x0000000081bde820,0x0000000083900000)
 Metaspace       used 57443K, capacity 61230K, committed 61568K, reserved 1101824K
  class space    used 7561K, capacity 8222K, committed 8320K, reserved 1048576K
}
Event: 3153.348 GC heap before
{Heap before GC invocations=65 (full 17):
 PSYoungGen      total 219648K, used 717K [0x00000000d5580000, 0x00000000e3c00000, 0x0000000100000000)
  eden space 204288K, 0% used [0x00000000d5580000,0x00000000d5580000,0x00000000e1d00000)
  from space 15360K, 4% used [0x00000000e2d00000,0x00000000e2db3748,0x00000000e3c00000)
  to   space 15872K, 0% used [0x00000000e1d00000,0x00000000e1d00000,0x00000000e2c80000)
 ParOldGen       total 58368K, used 28538K [0x0000000080000000, 0x0000000083900000, 0x00000000d5580000)
  object space 58368K, 48% used [0x0000000080000000,0x0000000081bde820,0x0000000083900000)
 Metaspace       used 57443K, capacity 61230K, committed 61568K, reserved 1101824K
  class space    used 7561K, capacity 8222K, committed 8320K, reserved 1048576K
Event: 3153.485 GC heap after
Heap after GC invocations=65 (full 17):
 PSYoungGen      total 219648K, used 0K [0x00000000d5580000, 0x00000000e3c00000, 0x0000000100000000)
  eden space 204288K, 0% used [0x00000000d5580000,0x00000000d5580000,0x00000000e1d00000)
  from space 15360K, 0% used [0x00000000e2d00000,0x00000000e2d00000,0x00000000e3c00000)
  to   space 15872K, 0% used [0x00000000e1d00000,0x00000000e1d00000,0x00000000e2c80000)
 ParOldGen       total 58368K, used 28516K [0x0000000080000000, 0x0000000083900000, 0x00000000d5580000)
  object space 58368K, 48% used [0x0000000080000000,0x0000000081bd9000,0x0000000083900000)
 Metaspace       used 57443K, capacity 61230K, committed 61568K, reserved 1101824K
  class space    used 7561K, capacity 8222K, committed 8320K, reserved 1048576K
}

